Traceback (most recent call last):
  File "/home/mateus/Documentos/Python/Kivy/Templates/Blank/main.py", line 28, in <module>
    Blank().run()
  File "/home/mateus/.local/lib/python3.10/site-packages/kivy/app.py", line 956, in run
    runTouchApp()
  File "/home/mateus/.local/lib/python3.10/site-packages/kivy/base.py", line 574, in runTouchApp
    EventLoop.mainloop()
  File "/home/mateus/.local/lib/python3.10/site-packages/kivy/base.py", line 339, in mainloop
    self.idle()
  File "/home/mateus/.local/lib/python3.10/site-packages/kivy/base.py", line 379, in idle
    Clock.tick()
  File "/home/mateus/.local/lib/python3.10/site-packages/kivy/clock.py", line 733, in tick
    self.post_idle(ts, self.idle())
  File "/home/mateus/.local/lib/python3.10/site-packages/kivy/clock.py", line 776, in post_idle
    self._process_events()
  File "kivy/_clock.pyx", line 620, in kivy._clock.CyClockBase._process_events
  File "kivy/_clock.pyx", line 653, in kivy._clock.CyClockBase._process_events
  File "kivy/_clock.pyx", line 649, in kivy._clock.CyClockBase._process_events
  File "kivy/_clock.pyx", line 218, in kivy._clock.ClockEvent.tick
  File "/home/mateus/Documentos/Python/Kivy/Templates/Blank/libs/uix/baseclass/root.py", line 50, in add_screens
    screen_object = eval(screen_details["object"])  # calling it
  File "<string>", line 1, in <module>
  File "/home/mateus/.local/lib/python3.10/site-packages/kivymd/uix/behaviors/declarative_behavior.py", line 311, in __init__
    super().__init__(**kwargs)
  File "/home/mateus/.local/lib/python3.10/site-packages/kivy/uix/relativelayout.py", line 274, in __init__
    super(RelativeLayout, self).__init__(**kw)
  File "/home/mateus/.local/lib/python3.10/site-packages/kivy/uix/floatlayout.py", line 65, in __init__
    super(FloatLayout, self).__init__(**kwargs)
  File "/home/mateus/.local/lib/python3.10/site-packages/kivy/uix/layout.py", line 76, in __init__
    super(Layout, self).__init__(**kwargs)
  File "/home/mateus/.local/lib/python3.10/site-packages/kivy/uix/widget.py", line 366, in __init__
    self.apply_class_lang_rules(
  File "/home/mateus/.local/lib/python3.10/site-packages/kivy/uix/widget.py", line 470, in apply_class_lang_rules
    Builder.apply(
  File "/home/mateus/.local/lib/python3.10/site-packages/kivy/lang/builder.py", line 540, in apply
    self._apply_rule(
  File "/home/mateus/.local/lib/python3.10/site-packages/kivy/lang/builder.py", line 662, in _apply_rule
    self._apply_rule(
  File "/home/mateus/.local/lib/python3.10/site-packages/kivy/lang/builder.py", line 620, in _apply_rule
    cls = Factory_get(cname)
  File "/home/mateus/.local/lib/python3.10/site-packages/kivy/factory.py", line 147, in __getattr__
    raise FactoryException('Unknown class <%s>' % name)
kivy.factory.FactoryException: Unknown class <MDToolbar>
